<?xml version="1.0" encoding="UTF-8"?>
<!-- Generated by org.testng.reporters.JUnitReportReporter -->
<testsuite skipped="0" hostname="LKB-L-061" name="Weather.Get_Weather.GetWeather" tests="1" failures="0" timestamp="2023-08-20T18:13:41 IST" time="4.959" errors="0">
  <testcase name="GettingWeather" time="4.959" classname="Weather.Get_Weather.GetWeather"/>
</testsuite> <!-- Weather.Get_Weather.GetWeather -->
