<?xml version="1.0" encoding="UTF-8"?>
<!-- Generated by org.testng.reporters.JUnitReportReporter -->
<testsuite skipped="0" hostname="LKB-L-061" name="Weather.Get_Weather.RestAssuredAPITest" tests="1" failures="0" timestamp="2023-08-20T17:34:09 IST" time="4.840" errors="0">
  <testcase name="GetWeather" time="4.840" classname="Weather.Get_Weather.RestAssuredAPITest"/>
</testsuite> <!-- Weather.Get_Weather.RestAssuredAPITest -->
